<?xml version="1.0" encoding="UTF-8"?>
<testng-results ignored="0" total="1" passed="1" failed="0" skipped="0">
  <reporter-output>
  </reporter-output>
  <suite started-at="2024-04-29T11:39:37 IST" name="Default suite" finished-at="2024-04-29T11:39:59 IST" duration-ms="22732">
    <groups>
      <group name="cucumber">
        <method signature="AbstractTestNGCucumberTests.runScenario(io.cucumber.testng.PickleWrapper,io.cucumber.testng.FeatureWrapper)[pri:0, instance:runnerfile.runnertest@3f191845]" name="runScenario" class="io.cucumber.testng.AbstractTestNGCucumberTests"/>
      </group> <!-- cucumber -->
    </groups>
    <test started-at="2024-04-29T11:39:37 IST" name="Default test" finished-at="2024-04-29T11:39:59 IST" duration-ms="22732">
      <class name="runnerfile.runnertest">
        <test-method is-config="true" signature="setUpClass(org.testng.ITestContext)[pri:0, instance:runnerfile.runnertest@3f191845]" started-at="2024-04-29T11:39:37 IST" name="setUpClass" finished-at="2024-04-29T11:39:37 IST" duration-ms="197" status="PASS">
          <params>
            <param index="0">
              <value>
                <![CDATA[org.testng.TestRunner@4e1459ea]]>
              </value>
            </param>
          </params>
          <reporter-output>
          </reporter-output>
        </test-method> <!-- setUpClass -->
        <test-method signature="runScenario(io.cucumber.testng.PickleWrapper,io.cucumber.testng.FeatureWrapper)[pri:0, instance:runnerfile.runnertest@3f191845]" started-at="2024-04-29T11:39:37 IST" name="runScenario" description="Runs Cucumber Scenarios" data-provider="scenarios" finished-at="2024-04-29T11:39:59 IST" duration-ms="22458" status="PASS">
          <params>
            <param index="0">
              <value>
                <![CDATA["select product and proceed to cart"]]>
              </value>
            </param>
            <param index="1">
              <value>
                <![CDATA["Search the Product"]]>
              </value>
            </param>
          </params>
          <reporter-output>
          </reporter-output>
        </test-method> <!-- runScenario -->
        <test-method is-config="true" signature="tearDownClass()[pri:0, instance:runnerfile.runnertest@3f191845]" started-at="2024-04-29T11:39:59 IST" name="tearDownClass" finished-at="2024-04-29T11:39:59 IST" duration-ms="3" status="PASS">
          <reporter-output>
          </reporter-output>
        </test-method> <!-- tearDownClass -->
      </class> <!-- runnerfile.runnertest -->
    </test> <!-- Default test -->
  </suite> <!-- Default suite -->
</testng-results>
